0 info it worked if it ends with ok
1 verbose cli [ '/usr/bin/node',
1 verbose cli   '/usr/bin/npm',
1 verbose cli   'install',
1 verbose cli   '-g',
1 verbose cli   'node-mongo-seeds' ]
2 info using npm@1.4.28
3 info using node@v0.10.33
4 verbose node symlink /usr/bin/node
5 verbose cache add [ 'node-mongo-seeds', null ]
6 verbose cache add name=undefined spec="node-mongo-seeds" args=["node-mongo-seeds",null]
7 verbose parsed url { protocol: null,
7 verbose parsed url   slashes: null,
7 verbose parsed url   auth: null,
7 verbose parsed url   host: null,
7 verbose parsed url   port: null,
7 verbose parsed url   hostname: null,
7 verbose parsed url   hash: null,
7 verbose parsed url   search: null,
7 verbose parsed url   query: null,
7 verbose parsed url   pathname: 'node-mongo-seeds',
7 verbose parsed url   path: 'node-mongo-seeds',
7 verbose parsed url   href: 'node-mongo-seeds' }
8 silly lockFile 325b416f-node-mongo-seeds node-mongo-seeds
9 verbose lock node-mongo-seeds /home/gfofdirtbag/.npm/325b416f-node-mongo-seeds.lock
10 silly lockFile 325b416f-node-mongo-seeds node-mongo-seeds
11 silly lockFile 325b416f-node-mongo-seeds node-mongo-seeds
12 verbose addNamed [ 'node-mongo-seeds', '' ]
13 verbose addNamed [ null, '*' ]
14 silly lockFile 2799fb06-node-mongo-seeds node-mongo-seeds@
15 verbose lock node-mongo-seeds@ /home/gfofdirtbag/.npm/2799fb06-node-mongo-seeds.lock
16 silly addNameRange { name: 'node-mongo-seeds', range: '*', hasData: false }
17 verbose request where is /node-mongo-seeds
18 verbose request registry https://registry.npmjs.org/
19 verbose request id 1c952b0827185738
20 verbose url raw /node-mongo-seeds
21 verbose url resolving [ 'https://registry.npmjs.org/', './node-mongo-seeds' ]
22 verbose url resolved https://registry.npmjs.org/node-mongo-seeds
23 verbose request where is https://registry.npmjs.org/node-mongo-seeds
24 info trying registry request attempt 1 at 12:24:13
25 http GET https://registry.npmjs.org/node-mongo-seeds
26 http 200 https://registry.npmjs.org/node-mongo-seeds
27 silly registry.get cb [ 200,
27 silly registry.get   { date: 'Mon, 15 Dec 2014 20:24:13 GMT',
27 silly registry.get     server: 'CouchDB/1.5.0 (Erlang OTP/R16B03)',
27 silly registry.get     etag: '"2RC14A30K8HZ8SWLMOTXVFX35"',
27 silly registry.get     'content-type': 'application/json',
27 silly registry.get     'cache-control': 'max-age=60',
27 silly registry.get     'content-length': '23606',
27 silly registry.get     'accept-ranges': 'bytes',
27 silly registry.get     via: '1.1 varnish',
27 silly registry.get     age: '0',
27 silly registry.get     'x-served-by': 'cache-lax1428-LAX',
27 silly registry.get     'x-cache': 'MISS',
27 silly registry.get     'x-cache-hits': '0',
27 silly registry.get     'x-timer': 'S1418675053.763725,VS0,VE79',
27 silly registry.get     vary: 'Accept',
27 silly registry.get     'keep-alive': 'timeout=10, max=50',
27 silly registry.get     connection: 'Keep-Alive' } ]
28 silly addNameRange number 2 { name: 'node-mongo-seeds', range: '*', hasData: true }
29 silly addNameRange versions [ 'node-mongo-seeds',
29 silly addNameRange   [ '1.0.7',
29 silly addNameRange     '1.0.8',
29 silly addNameRange     '1.0.9',
29 silly addNameRange     '1.0.10',
29 silly addNameRange     '1.0.11',
29 silly addNameRange     '1.0.12',
29 silly addNameRange     '1.0.13',
29 silly addNameRange     '1.0.14',
29 silly addNameRange     '1.0.15',
29 silly addNameRange     '1.0.16',
29 silly addNameRange     '1.0.17',
29 silly addNameRange     '1.0.18',
29 silly addNameRange     '1.0.20',
29 silly addNameRange     '1.0.21',
29 silly addNameRange     '2.0.0',
29 silly addNameRange     '2.0.1',
29 silly addNameRange     '2.0.2',
29 silly addNameRange     '2.1.0' ] ]
30 verbose addNamed [ 'node-mongo-seeds', '2.1.0' ]
31 verbose addNamed [ '2.1.0', '2.1.0' ]
32 silly lockFile 1783284f-node-mongo-seeds-2-1-0 node-mongo-seeds@2.1.0
33 verbose lock node-mongo-seeds@2.1.0 /home/gfofdirtbag/.npm/1783284f-node-mongo-seeds-2-1-0.lock
34 silly lockFile fb78405d-seeds-node-mongo-seeds-2-1-0-tgz https://registry.npmjs.org/node-mongo-seeds/-/node-mongo-seeds-2.1.0.tgz
35 verbose lock https://registry.npmjs.org/node-mongo-seeds/-/node-mongo-seeds-2.1.0.tgz /home/gfofdirtbag/.npm/fb78405d-seeds-node-mongo-seeds-2-1-0-tgz.lock
36 verbose addRemoteTarball [ 'https://registry.npmjs.org/node-mongo-seeds/-/node-mongo-seeds-2.1.0.tgz',
36 verbose addRemoteTarball   '01d6ee0212dccc1fb1d9e2279fd9c2d0c8feb097' ]
37 info retry fetch attempt 1 at 12:24:13
38 verbose fetch to= /tmp/npm-8352-Z_dH7lkW/registry.npmjs.org/node-mongo-seeds/-/node-mongo-seeds-2.1.0.tgz
39 http GET https://registry.npmjs.org/node-mongo-seeds/-/node-mongo-seeds-2.1.0.tgz
40 http 200 https://registry.npmjs.org/node-mongo-seeds/-/node-mongo-seeds-2.1.0.tgz
41 silly lockFile fb78405d-seeds-node-mongo-seeds-2-1-0-tgz https://registry.npmjs.org/node-mongo-seeds/-/node-mongo-seeds-2.1.0.tgz
42 silly lockFile fb78405d-seeds-node-mongo-seeds-2-1-0-tgz https://registry.npmjs.org/node-mongo-seeds/-/node-mongo-seeds-2.1.0.tgz
43 silly lockFile 1783284f-node-mongo-seeds-2-1-0 node-mongo-seeds@2.1.0
44 silly lockFile 1783284f-node-mongo-seeds-2-1-0 node-mongo-seeds@2.1.0
45 silly lockFile 2799fb06-node-mongo-seeds node-mongo-seeds@
46 silly lockFile 2799fb06-node-mongo-seeds node-mongo-seeds@
47 silly resolved [ { name: 'node-mongo-seeds',
47 silly resolved     version: '2.1.0',
47 silly resolved     description: 'A tool to populate a mongo db from json files',
47 silly resolved     repository:
47 silly resolved      { type: 'git',
47 silly resolved        url: 'https://github.com/toymachiner62/node-mongo-seeds' },
47 silly resolved     keywords: [ 'node', 'mongo', 'seed' ],
47 silly resolved     author:
47 silly resolved      { name: 'Tom Caflisch',
47 silly resolved        email: 'tomcaflisch@gmail.com',
47 silly resolved        url: 'http://allthingswebdesign.com' },
47 silly resolved     main: './lib/seed.js',
47 silly resolved     bin: { seed: './bin/seed', 'seed-setup': './bin/setup' },
47 silly resolved     scripts:
47 silly resolved      { test: 'mocha --timeout 5000',
47 silly resolved        setup: 'node ./bin/setup',
47 silly resolved        seed: 'node ./bin/seed' },
47 silly resolved     directories: { bin: './bin' },
47 silly resolved     preferGlobal: 'true',
47 silly resolved     license: 'MIT',
47 silly resolved     dependencies:
47 silly resolved      { errno: '^0.1.1',
47 silly resolved        mongodb: '^1.4.19',
47 silly resolved        optimist: '^0.6.1',
47 silly resolved        q: '^1.0.1',
47 silly resolved        underscore: '^1.7.0' },
47 silly resolved     devDependencies: { chai: '^1.9.1', 'chai-fs': '^0.1.0', mocha: '^1.21.4' },
47 silly resolved     gitHead: '10f90c565e7505edaf1f6bb7fb8802bbdbea92c5',
47 silly resolved     bugs: { url: 'https://github.com/toymachiner62/node-mongo-seeds/issues' },
47 silly resolved     homepage: 'https://github.com/toymachiner62/node-mongo-seeds',
47 silly resolved     _id: 'node-mongo-seeds@2.1.0',
47 silly resolved     _shasum: '01d6ee0212dccc1fb1d9e2279fd9c2d0c8feb097',
47 silly resolved     _from: 'node-mongo-seeds@',
47 silly resolved     _npmVersion: '1.4.23',
47 silly resolved     _npmUser: { name: 'toymachiner62', email: 'tomcaflisch@gmail.com' },
47 silly resolved     maintainers: [ [Object] ],
47 silly resolved     dist:
47 silly resolved      { shasum: '01d6ee0212dccc1fb1d9e2279fd9c2d0c8feb097',
47 silly resolved        tarball: 'http://registry.npmjs.org/node-mongo-seeds/-/node-mongo-seeds-2.1.0.tgz' },
47 silly resolved     _resolved: 'https://registry.npmjs.org/node-mongo-seeds/-/node-mongo-seeds-2.1.0.tgz' } ]
48 info install node-mongo-seeds@2.1.0 into /usr/lib
49 info installOne node-mongo-seeds@2.1.0
50 verbose lib/node_modules/node-mongo-seeds unbuild
51 verbose tar unpack /home/gfofdirtbag/.npm/node-mongo-seeds/2.1.0/package.tgz
52 silly lockFile b7029713-ib-node-modules-node-mongo-seeds tar:///usr/lib/node_modules/node-mongo-seeds
53 verbose lock tar:///usr/lib/node_modules/node-mongo-seeds /home/gfofdirtbag/.npm/b7029713-ib-node-modules-node-mongo-seeds.lock
54 silly lockFile d11a438d-de-mongo-seeds-2-1-0-package-tgz tar:///home/gfofdirtbag/.npm/node-mongo-seeds/2.1.0/package.tgz
55 verbose lock tar:///home/gfofdirtbag/.npm/node-mongo-seeds/2.1.0/package.tgz /home/gfofdirtbag/.npm/d11a438d-de-mongo-seeds-2-1-0-package-tgz.lock
56 silly gunzTarPerm modes [ '775', '664' ]
57 error Error: EACCES, mkdir '/usr/lib/node_modules/node-mongo-seeds'
57 error  { [Error: EACCES, mkdir '/usr/lib/node_modules/node-mongo-seeds']
57 error   errno: 3,
57 error   code: 'EACCES',
57 error   path: '/usr/lib/node_modules/node-mongo-seeds',
57 error   fstream_type: 'Directory',
57 error   fstream_path: '/usr/lib/node_modules/node-mongo-seeds',
57 error   fstream_class: 'DirWriter',
57 error   fstream_stack:
57 error    [ '/usr/lib/node_modules/npm/node_modules/fstream/lib/dir-writer.js:36:23',
57 error      '/usr/lib/node_modules/npm/node_modules/mkdirp/index.js:46:53',
57 error      'Object.oncomplete (fs.js:107:15)' ] }
58 error Please try running this command again as root/Administrator.
59 error System Linux 3.13.0-43-generic
60 error command "/usr/bin/node" "/usr/bin/npm" "install" "-g" "node-mongo-seeds"
61 error cwd /home/gfofdirtbag/Projects/node-seasons-app
62 error node -v v0.10.33
63 error npm -v 1.4.28
64 error path /usr/lib/node_modules/node-mongo-seeds
65 error fstream_path /usr/lib/node_modules/node-mongo-seeds
66 error fstream_type Directory
67 error fstream_class DirWriter
68 error code EACCES
69 error errno 3
70 error stack Error: EACCES, mkdir '/usr/lib/node_modules/node-mongo-seeds'
71 error fstream_stack /usr/lib/node_modules/npm/node_modules/fstream/lib/dir-writer.js:36:23
71 error fstream_stack /usr/lib/node_modules/npm/node_modules/mkdirp/index.js:46:53
71 error fstream_stack Object.oncomplete (fs.js:107:15)
72 verbose exit [ 3, true ]
